<?xml version="1.0" encoding="UTF-8"?>
<!-- Generated by org.testng.reporters.JUnitReportReporter -->
<testsuite skipped="0" hostname="upes-500052384" name="com.hack.qa.testcases.HomePageTest" tests="2" failures="0" timestamp="06 Dec 2020 10:30:25 GMT" time="56.186" errors="0">
  <testcase name="homePageTitleTest" time="24.693" classname="com.hack.qa.testcases.HomePageTest"/>
  <testcase name="searchTest" time="31.493" classname="com.hack.qa.testcases.HomePageTest"/>
</testsuite> <!-- com.hack.qa.testcases.HomePageTest -->
