<?xml version="1.0" encoding="UTF-8"?>
<!-- Generated by org.testng.reporters.JUnitReportReporter -->
<testsuite skipped="0" hostname="upes-500052384" name="com.hack.qa.testcases.SignUpPageTest" tests="3" failures="0" timestamp="06 Dec 2020 10:30:25 GMT" time="90.248" errors="0">
  <testcase name="signUpPageTitleTest" time="32.931" classname="com.hack.qa.testcases.SignUpPageTest"/>
  <testcase name="signUpPageImageTest" time="25.363" classname="com.hack.qa.testcases.SignUpPageTest"/>
  <testcase name="signUpTest" time="31.954" classname="com.hack.qa.testcases.SignUpPageTest"/>
</testsuite> <!-- com.hack.qa.testcases.SignUpPageTest -->
